执行日期：2015-08-19-10:25:09--desKey:ta4E/aspLA3lgFGKmNDNRYU92RkZ4w2t
执行日期：2015-08-19-10:25:09--md5Key:test
执行日期：2015-08-19-10:25:09--解析XML得到对象:{"VERSION":["1.2.0"],"MERCHANT":["22312781"],"TERMINAL":["00000001"],"DATA":["BbCcsyU1\/y229HyvxDT5FmRVucHTWPRjhhrZebEmpMP\/\/lcum8r0QuXFr6Ox695wMtF0nS0XxcaV\n9Sh1gkaMzuRGAz+s+c9hXDEg1AW5STcyQ3G7Q6Jw9Aj2LWFizT9qCQaujOQPOtOZ22EavG6s5RX\/\n8sp3bRJkxJ6zCbT7rL4jsIfoFONAt0HWUXQJbk4Akse+WwzcrmNPP5s1W2rDORp9gw0qUaUoCfgM\nNKHcXblveVeVcYxyA0rkFOq6qHWKrlHjDgjUittRYAOBbP4L2CI5o+wLC3iWVy6eiLwvBsIyc7jl\nScajsZNH1x9OmHTV+WXP5z0ez7XoE5HbTh0frGZxDYSl0fT\/2y\/P1inykUJpBKbVp7sl85Urf5Sr\nYdc4W04AwIj246pi9mJPu6wL6lnUWn3uzcOlCELiZBz92nyr7jyXyr3GNGkEptWnuyXzxWWp31o3\ncf0Y0Y3+0bcnnA=="],"SIGN":["c8aa754eff493226f375852d0af59f2e"]}
执行日期：2015-08-19-10:25:09--根据传输数据生成的签名:c8aa754eff493226f375852d0af59f2e
执行日期：2015-08-19-10:25:09--签名验证正确!
执行日期：2015-08-19-10:25:09--对<DATA>进行解密得到的数据:
执行日期：2015-08-19-10:25:09--最终数据:{"VERSION":["1.2.0"],"MERCHANT":["22312781"],"TERMINAL":["00000001"],"DATA":["BbCcsyU1\/y229HyvxDT5FmRVucHTWPRjhhrZebEmpMP\/\/lcum8r0QuXFr6Ox695wMtF0nS0XxcaV\n9Sh1gkaMzuRGAz+s+c9hXDEg1AW5STcyQ3G7Q6Jw9Aj2LWFizT9qCQaujOQPOtOZ22EavG6s5RX\/\n8sp3bRJkxJ6zCbT7rL4jsIfoFONAt0HWUXQJbk4Akse+WwzcrmNPP5s1W2rDORp9gw0qUaUoCfgM\nNKHcXblveVeVcYxyA0rkFOq6qHWKrlHjDgjUittRYAOBbP4L2CI5o+wLC3iWVy6eiLwvBsIyc7jl\nScajsZNH1x9OmHTV+WXP5z0ez7XoE5HbTh0frGZxDYSl0fT\/2y\/P1inykUJpBKbVp7sl85Urf5Sr\nYdc4W04AwIj246pi9mJPu6wL6lnUWn3uzcOlCELiZBz92nyr7jyXyr3GNGkEptWnuyXzxWWp31o3\ncf0Y0Y3+0bcnnA=="],"SIGN":["c8aa754eff493226f375852d0af59f2e"],"data":false}
执行日期：2015-08-19-10:25:09--**********接收异步通知结束。**********


执行日期：2015-08-19-10:26:06--desKey:ta4E/aspLA3lgFGKmNDNRYU92RkZ4w2t
执行日期：2015-08-19-10:26:06--md5Key:test
执行日期：2015-08-19-10:26:06--解析XML得到对象:{"VERSION":["1.2.0"],"MERCHANT":["22312781"],"TERMINAL":["00000001"],"DATA":["BbCcsyU1\/y229HyvxDT5FmRVucHTWPRjhhrZebEmpMP\/\/lcum8r0QuXFr6Ox695wMtF0nS0XxcaV\n9Sh1gkaMzuRGAz+s+c9hXDEg1AW5STcyQ3G7Q6Jw9Aj2LWFizT9qCQaujOQPOtOZ22EavG6s5RX\/\n8sp3bRJkxJ6zCbT7rL4jsIfoFONAt0HWUXQJbk4Akse+WwzcrmNPP5s1W2rDORp9gw0qUaUoCfgM\nNKHcXblveVeVcYxyA0rkFOq6qHWKrlHjDgjUittRYAOBbP4L2CI5o+wLC3iWVy6eiLwvBsIyc7jl\nScajsZNH1x9OmHTV+WXP5z0ez7XoE5HbTh0frGZxDYSl0fT\/2y\/P1inykUJpBKbVp7sl85Urf5Sr\nYdc4W04AwIj246pi9mJPu6wL6lnUWn3uzcOlCELiZBz92nyr7jyXyr3GNGkEptWnuyXzxWWp31o3\ncf0Y0Y3+0bcnnA=="],"SIGN":["c8aa754eff493226f375852d0af59f2e"]}
执行日期：2015-08-19-10:26:06--根据传输数据生成的签名:c8aa754eff493226f375852d0af59f2e
执行日期：2015-08-19-10:26:06--签名验证正确!
执行日期：2015-08-19-10:26:06--对<DATA>进行解密得到的数据:
执行日期：2015-08-19-10:26:06--最终数据:{"VERSION":["1.2.0"],"MERCHANT":["22312781"],"TERMINAL":["00000001"],"DATA":["BbCcsyU1\/y229HyvxDT5FmRVucHTWPRjhhrZebEmpMP\/\/lcum8r0QuXFr6Ox695wMtF0nS0XxcaV\n9Sh1gkaMzuRGAz+s+c9hXDEg1AW5STcyQ3G7Q6Jw9Aj2LWFizT9qCQaujOQPOtOZ22EavG6s5RX\/\n8sp3bRJkxJ6zCbT7rL4jsIfoFONAt0HWUXQJbk4Akse+WwzcrmNPP5s1W2rDORp9gw0qUaUoCfgM\nNKHcXblveVeVcYxyA0rkFOq6qHWKrlHjDgjUittRYAOBbP4L2CI5o+wLC3iWVy6eiLwvBsIyc7jl\nScajsZNH1x9OmHTV+WXP5z0ez7XoE5HbTh0frGZxDYSl0fT\/2y\/P1inykUJpBKbVp7sl85Urf5Sr\nYdc4W04AwIj246pi9mJPu6wL6lnUWn3uzcOlCELiZBz92nyr7jyXyr3GNGkEptWnuyXzxWWp31o3\ncf0Y0Y3+0bcnnA=="],"SIGN":["c8aa754eff493226f375852d0af59f2e"],"data":false}
执行日期：2015-08-19-10:26:06--**********接收异步通知结束。**********


执行日期：2015-08-19-10:34:41--desKey:ta4E/aspLA3lgFGKmNDNRYU92RkZ4w2t
执行日期：2015-08-19-10:34:41--md5Key:test
执行日期：2015-08-19-10:34:41--解析XML得到对象:{"VERSION":["1.2.0"],"MERCHANT":["22312781"],"TERMINAL":["00000001"],"DATA":["BbCcsyU1\/y229HyvxDT5FmRVucHTWPRjhhrZebEmpMP\/\/lcum8r0QuXFr6Ox695wMtF0nS0XxcaV\n9Sh1gkaMzuRGAz+s+c9hXDEg1AW5STcyQ3G7Q6Jw9Aj2LWFizT9qCQaujOQPOtOZ22EavG6s5RX\/\n8sp3bRJkxJ6zCbT7rL4jsIfoFONAt0HWUXQJbk4Akse+WwzcrmNPP5s1W2rDORp9gw0qUaUoCfgM\nNKHcXblveVeVcYxyA0rkFOq6qHWKrlHjDgjUittRYAOBbP4L2CI5o+wLC3iWVy6eiLwvBsIyc7jl\nScajsZNH1x9OmHTV+WXP5z0ez7XoE5HbTh0frGZxDYSl0fT\/2y\/P1inykUJpBKbVp7sl85Urf5Sr\nYdc4W04AwIj246pi9mJPu6wL6lnUWn3uzcOlCELiZBz92nyr7jyXyr3GNGkEptWnuyXzxWWp31o3\ncf0Y0Y3+0bcnnA=="],"SIGN":["c8aa754eff493226f375852d0af59f2e"]}
执行日期：2015-08-19-10:34:41--根据传输数据生成的签名:c8aa754eff493226f375852d0af59f2e
执行日期：2015-08-19-10:34:41--签名验证正确!
执行日期：2015-08-19-10:34:41--对<DATA>进行解密得到的数据:
执行日期：2015-08-19-10:34:41--最终数据:{"VERSION":["1.2.0"],"MERCHANT":["22312781"],"TERMINAL":["00000001"],"DATA":["BbCcsyU1\/y229HyvxDT5FmRVucHTWPRjhhrZebEmpMP\/\/lcum8r0QuXFr6Ox695wMtF0nS0XxcaV\n9Sh1gkaMzuRGAz+s+c9hXDEg1AW5STcyQ3G7Q6Jw9Aj2LWFizT9qCQaujOQPOtOZ22EavG6s5RX\/\n8sp3bRJkxJ6zCbT7rL4jsIfoFONAt0HWUXQJbk4Akse+WwzcrmNPP5s1W2rDORp9gw0qUaUoCfgM\nNKHcXblveVeVcYxyA0rkFOq6qHWKrlHjDgjUittRYAOBbP4L2CI5o+wLC3iWVy6eiLwvBsIyc7jl\nScajsZNH1x9OmHTV+WXP5z0ez7XoE5HbTh0frGZxDYSl0fT\/2y\/P1inykUJpBKbVp7sl85Urf5Sr\nYdc4W04AwIj246pi9mJPu6wL6lnUWn3uzcOlCELiZBz92nyr7jyXyr3GNGkEptWnuyXzxWWp31o3\ncf0Y0Y3+0bcnnA=="],"SIGN":["c8aa754eff493226f375852d0af59f2e"],"data":false}
执行日期：2015-08-19-10:34:41--**********接收异步通知结束。**********


