执行日期：2015-07-27-10：58：26
【签名失败】:
<xml><appid><![CDATA[wx8151cf1a1be59095]]></appid>
<bank_type><![CDATA[CITIC_CREDIT]]></bank_type>
<cash_fee><![CDATA[1]]></cash_fee>
<fee_type><![CDATA[CNY]]></fee_type>
<is_subscribe><![CDATA[Y]]></is_subscribe>
<mch_id><![CDATA[1237916602]]></mch_id>
<nonce_str><![CDATA[8rcvwn9opgneoafsjs927clayapkn2jg]]></nonce_str>
<openid><![CDATA[o3qwIuNuU6dK_aeaqsGh_7tASR0E]]></openid>
<order_id><![CDATA[0]]></order_id>
<out_trade_no><![CDATA[20150727682]]></out_trade_no>
<result_code><![CDATA[SUCCESS]]></result_code>
<return_code><![CDATA[SUCCESS]]></return_code>
<sign><![CDATA[A391F7EEB170258D7660C191F2C013C6]]></sign>
<time_end><![CDATA[20150727105751]]></time_end>
<total_fee>1</total_fee>
<trade_type><![CDATA[JSAPI]]></trade_type>
<transaction_id><![CDATA[1010160249201507270486567540]]></transaction_id>
</xml>


执行日期：2015-07-27-10：58：50
【签名失败】:
<xml><appid><![CDATA[wx8151cf1a1be59095]]></appid>
<bank_type><![CDATA[CITIC_CREDIT]]></bank_type>
<cash_fee><![CDATA[1]]></cash_fee>
<fee_type><![CDATA[CNY]]></fee_type>
<is_subscribe><![CDATA[Y]]></is_subscribe>
<mch_id><![CDATA[1237916602]]></mch_id>
<nonce_str><![CDATA[1ht7m6097k2ji10h8ogpdo9m1f1h2qgq]]></nonce_str>
<openid><![CDATA[o3qwIuNuU6dK_aeaqsGh_7tASR0E]]></openid>
<order_id><![CDATA[0]]></order_id>
<out_trade_no><![CDATA[20150727423]]></out_trade_no>
<result_code><![CDATA[SUCCESS]]></result_code>
<return_code><![CDATA[SUCCESS]]></return_code>
<sign><![CDATA[07439EF1FFAA69C9EE0E17FF623CEB2B]]></sign>
<time_end><![CDATA[20150727105849]]></time_end>
<total_fee>1</total_fee>
<trade_type><![CDATA[JSAPI]]></trade_type>
<transaction_id><![CDATA[1010160249201507270486565174]]></transaction_id>
</xml>


执行日期：2015-07-27-10：58：58
【签名失败】:
<xml><appid><![CDATA[wx8151cf1a1be59095]]></appid>
<bank_type><![CDATA[CITIC_CREDIT]]></bank_type>
<cash_fee><![CDATA[1]]></cash_fee>
<fee_type><![CDATA[CNY]]></fee_type>
<is_subscribe><![CDATA[Y]]></is_subscribe>
<mch_id><![CDATA[1237916602]]></mch_id>
<nonce_str><![CDATA[8rcvwn9opgneoafsjs927clayapkn2jg]]></nonce_str>
<openid><![CDATA[o3qwIuNuU6dK_aeaqsGh_7tASR0E]]></openid>
<order_id><![CDATA[0]]></order_id>
<out_trade_no><![CDATA[20150727682]]></out_trade_no>
<result_code><![CDATA[SUCCESS]]></result_code>
<return_code><![CDATA[SUCCESS]]></return_code>
<sign><![CDATA[A391F7EEB170258D7660C191F2C013C6]]></sign>
<time_end><![CDATA[20150727105751]]></time_end>
<total_fee>1</total_fee>
<trade_type><![CDATA[JSAPI]]></trade_type>
<transaction_id><![CDATA[1010160249201507270486567540]]></transaction_id>
</xml>


执行日期：2015-07-27-10：59：05
【签名失败】:
<xml><appid><![CDATA[wx8151cf1a1be59095]]></appid>
<bank_type><![CDATA[CITIC_CREDIT]]></bank_type>
<cash_fee><![CDATA[1]]></cash_fee>
<fee_type><![CDATA[CNY]]></fee_type>
<is_subscribe><![CDATA[Y]]></is_subscribe>
<mch_id><![CDATA[1237916602]]></mch_id>
<nonce_str><![CDATA[1ht7m6097k2ji10h8ogpdo9m1f1h2qgq]]></nonce_str>
<openid><![CDATA[o3qwIuNuU6dK_aeaqsGh_7tASR0E]]></openid>
<order_id><![CDATA[0]]></order_id>
<out_trade_no><![CDATA[20150727423]]></out_trade_no>
<result_code><![CDATA[SUCCESS]]></result_code>
<return_code><![CDATA[SUCCESS]]></return_code>
<sign><![CDATA[07439EF1FFAA69C9EE0E17FF623CEB2B]]></sign>
<time_end><![CDATA[20150727105849]]></time_end>
<total_fee>1</total_fee>
<trade_type><![CDATA[JSAPI]]></trade_type>
<transaction_id><![CDATA[1010160249201507270486565174]]></transaction_id>
</xml>


